2023-01-06 00:27:49,098 - [INFO]: Logging enabled
2023-01-06 00:27:49,098 - [INFO]: Initializing PyCloudSim...
2023-01-06 00:27:49,098 - [INFO]: Creating 2 datacenters, each with 1 hosts.
2023-01-06 00:27:49,098 - [INFO]: Creating the cloud.
2023-01-06 00:27:49,098 - [INFO]: Importing VMs from file.
2023-01-06 00:27:49,098 - [INFO]: Creating the broker.
2023-01-06 00:27:49,098 - [INFO]: Creating PyCloudSim environment.
2023-01-06 00:27:49,098 - [INFO]: Starting simulation.
2023-01-06 00:27:49,099 - [INFO]: Broker started at 0.
2023-01-06 00:27:49,099 - [INFO]: Datacenter 0 started at 0.
2023-01-06 00:27:49,099 - [INFO]: Datacenter 1 started at 0.
2023-01-06 00:27:49,099 - [INFO]: Cloud started at 0.
2023-01-06 00:27:49,099 - [INFO]: VM creation request with vm_id = 1 sent to cloud at 0.
2023-01-06 00:27:49,099 - [INFO]: VM creation request for vm_id = 1 received at cloud at 0.
2023-01-06 00:27:49,099 - [INFO]: VM with vm_id = 1 sent to datacenter_id = 0 at 0.
2023-01-06 00:27:49,099 - [INFO]: VM creation request for vm_id = 1 received at datacenter_id = 0 at 0.
2023-01-06 00:27:49,099 - [INFO]: VM with vm_id = 1 created and allocated to host_id = 0 of datacenter_id = 0 at 0.
2023-01-06 00:27:49,100 - [INFO]: VM creation request with vm_id = 2 sent to cloud at 10.0.
2023-01-06 00:27:49,100 - [INFO]: VM creation request for vm_id = 2 received at cloud at 10.0.
2023-01-06 00:27:49,100 - [INFO]: VM with vm_id = 2 sent to datacenter_id = 1 at 10.0.
2023-01-06 00:27:49,100 - [INFO]: VM creation request for vm_id = 2 received at datacenter_id = 1 at 10.0.
2023-01-06 00:27:49,100 - [INFO]: VM with vm_id = 2 created and allocated to host_id = 0 of datacenter_id = 1 at 10.0.
2023-01-06 00:27:49,100 - [INFO]: VM creation request with vm_id = 3 sent to cloud at 10.0.
2023-01-06 00:27:49,100 - [INFO]: VM creation request for vm_id = 3 received at cloud at 10.0.
2023-01-06 00:27:49,100 - [INFO]: VM with vm_id = 3 sent to datacenter_id = 0 at 10.0.
2023-01-06 00:27:49,100 - [INFO]: VM creation request for vm_id = 3 received at datacenter_id = 0 at 10.0.
2023-01-06 00:27:49,101 - [INFO]: VM with vm_id = 3 created and allocated to host_id = 0 of datacenter_id = 0 at 10.0.
2023-01-06 00:27:49,101 - [INFO]: VM creation request with vm_id = 4 sent to cloud at 10.0.
2023-01-06 00:27:49,101 - [INFO]: VM creation request for vm_id = 4 received at cloud at 10.0.
2023-01-06 00:27:49,101 - [INFO]: VM with vm_id = 4 sent to datacenter_id = 1 at 10.0.
2023-01-06 00:27:49,101 - [INFO]: VM creation request for vm_id = 4 received at datacenter_id = 1 at 10.0.
2023-01-06 00:27:49,101 - [INFO]: VM with vm_id = 4 created and allocated to host_id = 0 of datacenter_id = 1 at 10.0.
2023-01-06 00:27:49,101 - [INFO]: VM creation request with vm_id = 5 sent to cloud at 10.0.
2023-01-06 00:27:49,101 - [INFO]: VM creation request for vm_id = 5 received at cloud at 10.0.
2023-01-06 00:27:49,101 - [INFO]: VM with vm_id = 5 sent to datacenter_id = 0 at 10.0.
2023-01-06 00:27:49,101 - [INFO]: VM creation request for vm_id = 5 received at datacenter_id = 0 at 10.0.
2023-01-06 00:27:49,102 - [INFO]: VM with vm_id = 5 created and allocated to host_id = 0 of datacenter_id = 0 at 10.0.
2023-01-06 00:27:49,102 - [INFO]: VM creation request with vm_id = 6 sent to cloud at 10.0.
2023-01-06 00:27:49,102 - [INFO]: VM creation request for vm_id = 6 received at cloud at 10.0.
2023-01-06 00:27:49,102 - [INFO]: VM with vm_id = 6 sent to datacenter_id = 1 at 10.0.
2023-01-06 00:27:49,102 - [INFO]: VM creation request for vm_id = 6 received at datacenter_id = 1 at 10.0.
2023-01-06 00:27:49,102 - [INFO]: VM with vm_id = 6 created and allocated to host_id = 0 of datacenter_id = 1 at 10.0.
2023-01-06 00:27:49,102 - [INFO]: VM creation request with vm_id = 7 sent to cloud at 10.0.
2023-01-06 00:27:49,102 - [INFO]: VM creation request for vm_id = 7 received at cloud at 10.0.
2023-01-06 00:27:49,102 - [INFO]: VM with vm_id = 7 sent to datacenter_id = 0 at 10.0.
2023-01-06 00:27:49,102 - [INFO]: VM creation request for vm_id = 7 received at datacenter_id = 0 at 10.0.
2023-01-06 00:27:49,103 - [INFO]: VM with vm_id = 7 created and allocated to host_id = 0 of datacenter_id = 0 at 10.0.
2023-01-06 00:27:49,103 - [INFO]: VM creation request with vm_id = 8 sent to cloud at 10.0.
2023-01-06 00:27:49,103 - [INFO]: VM creation request for vm_id = 8 received at cloud at 10.0.
2023-01-06 00:27:49,103 - [INFO]: VM with vm_id = 8 sent to datacenter_id = 1 at 10.0.
2023-01-06 00:27:49,103 - [INFO]: VM creation request for vm_id = 8 received at datacenter_id = 1 at 10.0.
2023-01-06 00:27:49,103 - [INFO]: VM with vm_id = 8 created and allocated to host_id = 0 of datacenter_id = 1 at 10.0.
2023-01-06 00:27:49,103 - [INFO]: VM creation request with vm_id = 9 sent to cloud at 10.0.
2023-01-06 00:27:49,103 - [INFO]: VM creation request for vm_id = 9 received at cloud at 10.0.
2023-01-06 00:27:49,103 - [INFO]: VM with vm_id = 9 sent to datacenter_id = 0 at 10.0.
2023-01-06 00:27:49,103 - [INFO]: VM creation request for vm_id = 9 received at datacenter_id = 0 at 10.0.
2023-01-06 00:27:49,105 - [INFO]: VM with vm_id = 9 created and allocated to host_id = 0 of datacenter_id = 0 at 10.0.
2023-01-06 00:27:49,105 - [INFO]: VM creation request with vm_id = 10 sent to cloud at 10.0.
2023-01-06 00:27:49,105 - [INFO]: VM creation request for vm_id = 10 received at cloud at 10.0.
2023-01-06 00:27:49,105 - [INFO]: VM with vm_id = 10 sent to datacenter_id = 1 at 10.0.
2023-01-06 00:27:49,105 - [INFO]: VM creation request for vm_id = 10 received at datacenter_id = 1 at 10.0.
2023-01-06 00:27:49,105 - [INFO]: VM with vm_id = 10 created and allocated to host_id = 0 of datacenter_id = 1 at 10.0.
2023-01-06 00:27:49,105 - [INFO]: VM creation request with vm_id = 11 sent to cloud at 10.0.
2023-01-06 00:27:49,105 - [INFO]: VM creation request for vm_id = 11 received at cloud at 10.0.
2023-01-06 00:27:49,105 - [INFO]: VM with vm_id = 11 sent to datacenter_id = 0 at 10.0.
2023-01-06 00:27:49,105 - [INFO]: VM creation request for vm_id = 11 received at datacenter_id = 0 at 10.0.
2023-01-06 00:27:49,106 - [INFO]: VM with vm_id = 11 created and allocated to host_id = 0 of datacenter_id = 0 at 10.0.
2023-01-06 00:27:49,106 - [INFO]: VM creation request with vm_id = 12 sent to cloud at 10.0.
2023-01-06 00:27:49,106 - [INFO]: VM creation request for vm_id = 12 received at cloud at 10.0.
2023-01-06 00:27:49,106 - [INFO]: VM with vm_id = 12 sent to datacenter_id = 1 at 10.0.
2023-01-06 00:27:49,106 - [INFO]: VM creation request for vm_id = 12 received at datacenter_id = 1 at 10.0.
2023-01-06 00:27:49,106 - [INFO]: VM with vm_id = 12 created and allocated to host_id = 0 of datacenter_id = 1 at 10.0.
2023-01-06 00:27:49,106 - [INFO]: VM creation request with vm_id = 13 sent to cloud at 10.0.
2023-01-06 00:27:49,106 - [INFO]: VM creation request for vm_id = 13 received at cloud at 10.0.
2023-01-06 00:27:49,106 - [INFO]: VM with vm_id = 13 sent to datacenter_id = 0 at 10.0.
2023-01-06 00:27:49,106 - [INFO]: VM creation request for vm_id = 13 received at datacenter_id = 0 at 10.0.
2023-01-06 00:27:49,107 - [INFO]: VM with vm_id = 13 created and allocated to host_id = 0 of datacenter_id = 0 at 10.0.
2023-01-06 00:27:49,107 - [INFO]: VM creation request with vm_id = 14 sent to cloud at 10.0.
2023-01-06 00:27:49,107 - [INFO]: VM creation request for vm_id = 14 received at cloud at 10.0.
2023-01-06 00:27:49,107 - [INFO]: VM with vm_id = 14 sent to datacenter_id = 1 at 10.0.
2023-01-06 00:27:49,107 - [INFO]: VM creation request for vm_id = 14 received at datacenter_id = 1 at 10.0.
2023-01-06 00:27:49,107 - [INFO]: VM with vm_id = 14 created and allocated to host_id = 0 of datacenter_id = 1 at 10.0.
2023-01-06 00:27:49,107 - [INFO]: VM creation request with vm_id = 15 sent to cloud at 10.0.
2023-01-06 00:27:49,107 - [INFO]: VM creation request for vm_id = 15 received at cloud at 10.0.
2023-01-06 00:27:49,107 - [INFO]: VM with vm_id = 15 sent to datacenter_id = 0 at 10.0.
2023-01-06 00:27:49,107 - [INFO]: VM creation request for vm_id = 15 received at datacenter_id = 0 at 10.0.
2023-01-06 00:27:49,108 - [INFO]: VM with vm_id = 15 created and allocated to host_id = 0 of datacenter_id = 0 at 10.0.
2023-01-06 00:27:49,108 - [INFO]: VM creation request with vm_id = 16 sent to cloud at 10.0.
2023-01-06 00:27:49,108 - [INFO]: VM creation request for vm_id = 16 received at cloud at 10.0.
2023-01-06 00:27:49,108 - [INFO]: VM with vm_id = 16 sent to datacenter_id = 1 at 10.0.
2023-01-06 00:27:49,108 - [INFO]: VM creation request for vm_id = 16 received at datacenter_id = 1 at 10.0.
2023-01-06 00:27:49,108 - [INFO]: VM with vm_id = 16 created and allocated to host_id = 0 of datacenter_id = 1 at 10.0.
2023-01-06 00:27:49,108 - [INFO]: VM creation request with vm_id = 17 sent to cloud at 10.0.
2023-01-06 00:27:49,108 - [INFO]: VM creation request for vm_id = 17 received at cloud at 10.0.
2023-01-06 00:27:49,108 - [INFO]: VM with vm_id = 17 sent to datacenter_id = 0 at 10.0.
2023-01-06 00:27:49,108 - [INFO]: VM creation request for vm_id = 17 received at datacenter_id = 0 at 10.0.
2023-01-06 00:27:49,109 - [WARNING]: No suitable host for vm with vm_id = 17.
2023-01-06 00:27:49,109 - [WARNING]: VM with vm_id = 17 not created on datacenter_id = 0.
2023-01-06 00:27:49,109 - [INFO]: VM with vm_id = 17 sent to datacenter_id = 1 at 10.0.
2023-01-06 00:27:49,109 - [INFO]: VM creation request for vm_id = 17 received at datacenter_id = 1 at 10.0.
2023-01-06 00:27:49,109 - [WARNING]: No suitable host for vm with vm_id = 17.
2023-01-06 00:27:49,109 - [WARNING]: VM with vm_id = 17 not created on datacenter_id = 1.
2023-01-06 00:27:49,109 - [WARNING]: VM with vm_id = 17 not created on any datacenter.
2023-01-06 00:27:49,109 - [INFO]: VM with vm_id = 17 not created on any datacenter.
2023-01-06 00:27:49,109 - [INFO]: VM creation request with vm_id = 18 sent to cloud at 10.0.
2023-01-06 00:27:49,109 - [INFO]: VM creation request for vm_id = 18 received at cloud at 10.0.
2023-01-06 00:27:49,109 - [INFO]: VM with vm_id = 18 sent to datacenter_id = 0 at 10.0.
2023-01-06 00:27:49,110 - [INFO]: VM creation request for vm_id = 18 received at datacenter_id = 0 at 10.0.
2023-01-06 00:27:49,110 - [WARNING]: No suitable host for vm with vm_id = 18.
2023-01-06 00:27:49,110 - [WARNING]: VM with vm_id = 18 not created on datacenter_id = 0.
2023-01-06 00:27:49,110 - [INFO]: VM with vm_id = 18 sent to datacenter_id = 1 at 10.0.
2023-01-06 00:27:49,110 - [INFO]: VM creation request for vm_id = 18 received at datacenter_id = 1 at 10.0.
2023-01-06 00:27:49,110 - [WARNING]: No suitable host for vm with vm_id = 18.
2023-01-06 00:27:49,110 - [WARNING]: VM with vm_id = 18 not created on datacenter_id = 1.
2023-01-06 00:27:49,110 - [WARNING]: VM with vm_id = 18 not created on any datacenter.
2023-01-06 00:27:49,110 - [INFO]: VM with vm_id = 18 not created on any datacenter.
2023-01-06 00:27:49,110 - [INFO]: VM creation request with vm_id = 19 sent to cloud at 10.0.
2023-01-06 00:27:49,111 - [INFO]: VM creation request for vm_id = 19 received at cloud at 10.0.
2023-01-06 00:27:49,111 - [INFO]: VM with vm_id = 19 sent to datacenter_id = 0 at 10.0.
2023-01-06 00:27:49,111 - [INFO]: VM creation request for vm_id = 19 received at datacenter_id = 0 at 10.0.
2023-01-06 00:27:49,111 - [WARNING]: No suitable host for vm with vm_id = 19.
2023-01-06 00:27:49,111 - [WARNING]: VM with vm_id = 19 not created on datacenter_id = 0.
2023-01-06 00:27:49,111 - [INFO]: VM with vm_id = 19 sent to datacenter_id = 1 at 10.0.
2023-01-06 00:27:49,111 - [INFO]: VM creation request for vm_id = 19 received at datacenter_id = 1 at 10.0.
2023-01-06 00:27:49,111 - [WARNING]: No suitable host for vm with vm_id = 19.
2023-01-06 00:27:49,111 - [WARNING]: VM with vm_id = 19 not created on datacenter_id = 1.
2023-01-06 00:27:49,111 - [WARNING]: VM with vm_id = 19 not created on any datacenter.
2023-01-06 00:27:49,113 - [INFO]: VM with vm_id = 19 not created on any datacenter.
2023-01-06 00:27:49,113 - [INFO]: VM creation request with vm_id = 20 sent to cloud at 10.0.
2023-01-06 00:27:49,113 - [INFO]: VM creation request for vm_id = 20 received at cloud at 10.0.
2023-01-06 00:27:49,113 - [INFO]: VM with vm_id = 20 sent to datacenter_id = 0 at 10.0.
2023-01-06 00:27:49,113 - [INFO]: VM creation request for vm_id = 20 received at datacenter_id = 0 at 10.0.
2023-01-06 00:27:49,114 - [WARNING]: No suitable host for vm with vm_id = 20.
2023-01-06 00:27:49,114 - [WARNING]: VM with vm_id = 20 not created on datacenter_id = 0.
2023-01-06 00:27:49,114 - [INFO]: VM with vm_id = 20 sent to datacenter_id = 1 at 10.0.
2023-01-06 00:27:49,114 - [INFO]: VM creation request for vm_id = 20 received at datacenter_id = 1 at 10.0.
2023-01-06 00:27:49,114 - [WARNING]: No suitable host for vm with vm_id = 20.
2023-01-06 00:27:49,114 - [WARNING]: VM with vm_id = 20 not created on datacenter_id = 1.
2023-01-06 00:27:49,114 - [WARNING]: VM with vm_id = 20 not created on any datacenter.
2023-01-06 00:27:49,114 - [INFO]: VM with vm_id = 20 not created on any datacenter.
2023-01-06 00:27:49,114 - [INFO]: Broker stopped at 10.0.
2023-01-06 00:27:49,114 - [INFO]: VM destroy request for vm_id = 1 received at 100.0.
2023-01-06 00:27:49,114 - [INFO]: VM with vm_id = 1 destroyed at 100.0.
2023-01-06 00:27:49,114 - [INFO]: VM destroy request for vm_id = 2 received at 110.0.
2023-01-06 00:27:49,114 - [INFO]: VM with vm_id = 2 destroyed at 110.0.
2023-01-06 00:27:49,114 - [INFO]: VM destroy request for vm_id = 3 received at 110.0.
2023-01-06 00:27:49,115 - [INFO]: VM with vm_id = 3 destroyed at 110.0.
2023-01-06 00:27:49,115 - [INFO]: VM destroy request for vm_id = 4 received at 110.0.
2023-01-06 00:27:49,115 - [INFO]: VM with vm_id = 4 destroyed at 110.0.
2023-01-06 00:27:49,115 - [INFO]: VM destroy request for vm_id = 5 received at 110.0.
2023-01-06 00:27:49,115 - [INFO]: VM with vm_id = 5 destroyed at 110.0.
2023-01-06 00:27:49,115 - [INFO]: VM destroy request for vm_id = 6 received at 110.0.
2023-01-06 00:27:49,115 - [INFO]: VM with vm_id = 6 destroyed at 110.0.
2023-01-06 00:27:49,115 - [INFO]: VM destroy request for vm_id = 7 received at 110.0.
2023-01-06 00:27:49,115 - [INFO]: VM with vm_id = 7 destroyed at 110.0.
2023-01-06 00:27:49,115 - [INFO]: VM destroy request for vm_id = 8 received at 110.0.
2023-01-06 00:27:49,115 - [INFO]: VM with vm_id = 8 destroyed at 110.0.
2023-01-06 00:27:49,117 - [INFO]: VM destroy request for vm_id = 9 received at 110.0.
2023-01-06 00:27:49,117 - [INFO]: VM with vm_id = 9 destroyed at 110.0.
2023-01-06 00:27:49,117 - [INFO]: VM destroy request for vm_id = 10 received at 110.0.
2023-01-06 00:27:49,117 - [INFO]: VM with vm_id = 10 destroyed at 110.0.
2023-01-06 00:27:49,117 - [INFO]: VM destroy request for vm_id = 11 received at 110.0.
2023-01-06 00:27:49,117 - [INFO]: VM with vm_id = 11 destroyed at 110.0.
2023-01-06 00:27:49,117 - [INFO]: VM destroy request for vm_id = 12 received at 110.0.
2023-01-06 00:27:49,117 - [INFO]: VM with vm_id = 12 destroyed at 110.0.
2023-01-06 00:27:49,117 - [INFO]: VM destroy request for vm_id = 13 received at 110.0.
2023-01-06 00:27:49,117 - [INFO]: VM with vm_id = 13 destroyed at 110.0.
2023-01-06 00:27:49,117 - [INFO]: VM destroy request for vm_id = 14 received at 110.0.
2023-01-06 00:27:49,118 - [INFO]: VM with vm_id = 14 destroyed at 110.0.
2023-01-06 00:27:49,118 - [INFO]: VM destroy request for vm_id = 15 received at 110.0.
2023-01-06 00:27:49,118 - [INFO]: VM with vm_id = 15 destroyed at 110.0.
2023-01-06 00:27:49,118 - [INFO]: VM destroy request for vm_id = 16 received at 110.0.
2023-01-06 00:27:49,118 - [INFO]: VM with vm_id = 16 destroyed at 110.0.
2023-01-06 00:27:49,118 - [INFO]: Simulation Finished.
